0 info it worked if it ends with ok
1 verbose cli [ 'D:\\Program Files\\nodejs\\node.exe',
1 verbose cli   'D:\\Program Files\\nodejs\\node_modules\\npm\\bin\\npm-cli.js',
1 verbose cli   'install',
1 verbose cli   'node-tmbd' ]
2 info using npm@3.10.10
3 info using node@v6.11.2
4 silly loadCurrentTree Starting
5 silly install loadCurrentTree
6 silly install readLocalPackageData
7 silly fetchPackageMetaData node-tmbd
8 silly fetchNamedPackageData node-tmbd
9 silly mapToRegistry name node-tmbd
10 silly mapToRegistry using default registry
11 silly mapToRegistry registry https://registry.npmjs.org/
12 silly mapToRegistry data Result {
12 silly mapToRegistry   raw: 'node-tmbd',
12 silly mapToRegistry   scope: null,
12 silly mapToRegistry   escapedName: 'node-tmbd',
12 silly mapToRegistry   name: 'node-tmbd',
12 silly mapToRegistry   rawSpec: '',
12 silly mapToRegistry   spec: 'latest',
12 silly mapToRegistry   type: 'tag' }
13 silly mapToRegistry uri https://registry.npmjs.org/node-tmbd
14 verbose request uri https://registry.npmjs.org/node-tmbd
15 verbose request no auth needed
16 info attempt registry request try #1 at 11:46:40 AM
17 verbose request id 8b7f87bbb78d5622
18 http request GET https://registry.npmjs.org/node-tmbd
19 info retry will retry, error on last attempt: Error: getaddrinfo ENOENT registry.npmjs.org:443
20 info attempt registry request try #2 at 11:46:50 AM
21 http request GET https://registry.npmjs.org/node-tmbd
22 info retry will retry, error on last attempt: Error: getaddrinfo ENOENT registry.npmjs.org:443
23 info attempt registry request try #3 at 11:47:50 AM
24 http request GET https://registry.npmjs.org/node-tmbd
25 http 404 https://registry.npmjs.org/node-tmbd
26 verbose headers { 'content-type': 'application/json',
26 verbose headers   'cache-control': 'max-age=0',
26 verbose headers   'content-length': '2',
26 verbose headers   'accept-ranges': 'bytes',
26 verbose headers   date: 'Sat, 04 Nov 2017 18:47:51 GMT',
26 verbose headers   via: '1.1 varnish',
26 verbose headers   age: '0',
26 verbose headers   connection: 'keep-alive',
26 verbose headers   'x-served-by': 'cache-bur17525-BUR',
26 verbose headers   'x-cache': 'MISS',
26 verbose headers   'x-cache-hits': '0',
26 verbose headers   'x-timer': 'S1509821271.847710,VS0,VE208',
26 verbose headers   vary: 'Accept-Encoding' }
27 silly get cb [ 404,
27 silly get   { 'content-type': 'application/json',
27 silly get     'cache-control': 'max-age=0',
27 silly get     'content-length': '2',
27 silly get     'accept-ranges': 'bytes',
27 silly get     date: 'Sat, 04 Nov 2017 18:47:51 GMT',
27 silly get     via: '1.1 varnish',
27 silly get     age: '0',
27 silly get     connection: 'keep-alive',
27 silly get     'x-served-by': 'cache-bur17525-BUR',
27 silly get     'x-cache': 'MISS',
27 silly get     'x-cache-hits': '0',
27 silly get     'x-timer': 'S1509821271.847710,VS0,VE208',
27 silly get     vary: 'Accept-Encoding' } ]
28 silly fetchPackageMetaData Error: Registry returned 404 for GET on https://registry.npmjs.org/node-tmbd
28 silly fetchPackageMetaData     at makeError (D:\Program Files\nodejs\node_modules\npm\node_modules\npm-registry-client\lib\request.js:302:12)
28 silly fetchPackageMetaData     at CachingRegistryClient.<anonymous> (D:\Program Files\nodejs\node_modules\npm\node_modules\npm-registry-client\lib\request.js:280:14)
28 silly fetchPackageMetaData     at Request._callback (D:\Program Files\nodejs\node_modules\npm\node_modules\npm-registry-client\lib\request.js:210:14)
28 silly fetchPackageMetaData     at Request.self.callback (D:\Program Files\nodejs\node_modules\npm\node_modules\request\request.js:187:22)
28 silly fetchPackageMetaData     at emitTwo (events.js:106:13)
28 silly fetchPackageMetaData     at Request.emit (events.js:191:7)
28 silly fetchPackageMetaData     at Request.<anonymous> (D:\Program Files\nodejs\node_modules\npm\node_modules\request\request.js:1048:10)
28 silly fetchPackageMetaData     at emitOne (events.js:96:13)
28 silly fetchPackageMetaData     at Request.emit (events.js:188:7)
28 silly fetchPackageMetaData     at IncomingMessage.<anonymous> (D:\Program Files\nodejs\node_modules\npm\node_modules\request\request.js:969:12)
28 silly fetchPackageMetaData  error for node-tmbd { Error: Registry returned 404 for GET on https://registry.npmjs.org/node-tmbd
28 silly fetchPackageMetaData     at makeError (D:\Program Files\nodejs\node_modules\npm\node_modules\npm-registry-client\lib\request.js:302:12)
28 silly fetchPackageMetaData     at CachingRegistryClient.<anonymous> (D:\Program Files\nodejs\node_modules\npm\node_modules\npm-registry-client\lib\request.js:280:14)
28 silly fetchPackageMetaData     at Request._callback (D:\Program Files\nodejs\node_modules\npm\node_modules\npm-registry-client\lib\request.js:210:14)
28 silly fetchPackageMetaData     at Request.self.callback (D:\Program Files\nodejs\node_modules\npm\node_modules\request\request.js:187:22)
28 silly fetchPackageMetaData     at emitTwo (events.js:106:13)
28 silly fetchPackageMetaData     at Request.emit (events.js:191:7)
28 silly fetchPackageMetaData     at Request.<anonymous> (D:\Program Files\nodejs\node_modules\npm\node_modules\request\request.js:1048:10)
28 silly fetchPackageMetaData     at emitOne (events.js:96:13)
28 silly fetchPackageMetaData     at Request.emit (events.js:188:7)
28 silly fetchPackageMetaData     at IncomingMessage.<anonymous> (D:\Program Files\nodejs\node_modules\npm\node_modules\request\request.js:969:12) pkgid: 'node-tmbd', statusCode: 404, code: 'E404' }
29 silly rollbackFailedOptional Starting
30 silly rollbackFailedOptional Finishing
31 silly runTopLevelLifecycles Finishing
32 silly install printInstalled
33 verbose stack Error: Registry returned 404 for GET on https://registry.npmjs.org/node-tmbd
33 verbose stack     at makeError (D:\Program Files\nodejs\node_modules\npm\node_modules\npm-registry-client\lib\request.js:302:12)
33 verbose stack     at CachingRegistryClient.<anonymous> (D:\Program Files\nodejs\node_modules\npm\node_modules\npm-registry-client\lib\request.js:280:14)
33 verbose stack     at Request._callback (D:\Program Files\nodejs\node_modules\npm\node_modules\npm-registry-client\lib\request.js:210:14)
33 verbose stack     at Request.self.callback (D:\Program Files\nodejs\node_modules\npm\node_modules\request\request.js:187:22)
33 verbose stack     at emitTwo (events.js:106:13)
33 verbose stack     at Request.emit (events.js:191:7)
33 verbose stack     at Request.<anonymous> (D:\Program Files\nodejs\node_modules\npm\node_modules\request\request.js:1048:10)
33 verbose stack     at emitOne (events.js:96:13)
33 verbose stack     at Request.emit (events.js:188:7)
33 verbose stack     at IncomingMessage.<anonymous> (D:\Program Files\nodejs\node_modules\npm\node_modules\request\request.js:969:12)
34 verbose statusCode 404
35 verbose pkgid node-tmbd
36 verbose cwd C:\Users\apatr\documents\liribot
37 error Windows_NT 10.0.15063
38 error argv "D:\\Program Files\\nodejs\\node.exe" "D:\\Program Files\\nodejs\\node_modules\\npm\\bin\\npm-cli.js" "install" "node-tmbd"
39 error node v6.11.2
40 error npm  v3.10.10
41 error code E404
42 error 404 Registry returned 404 for GET on https://registry.npmjs.org/node-tmbd
43 error 404
44 error 404 'node-tmbd' is not in the npm registry.
45 error 404 You should bug the author to publish it (or use the name yourself!)
46 error 404 Note that you can also install from a
47 error 404 tarball, folder, http url, or git url.
48 verbose exit [ 1, true ]
